nohup: ignoring input
Network Retry Loop (Bootstrap Initialize Application): Invalid token. Aborting retry loop.
Traceback (most recent call last):
  File "/root/se-toolkit-lab-7/.venv/lib/python3.14/site-packages/telegram/_bot.py", line 857, in initialize
    await self.get_me()
  File "/root/se-toolkit-lab-7/.venv/lib/python3.14/site-packages/telegram/ext/_extbot.py", line 2008, in get_me
    return await super().get_me(
           ^^^^^^^^^^^^^^^^^^^^^
    ...<5 lines>...
    )
    ^
  File "/root/se-toolkit-lab-7/.venv/lib/python3.14/site-packages/telegram/_bot.py", line 990, in get_me
    result = await self._post(
             ^^^^^^^^^^^^^^^^^
    ...<6 lines>...
    )
    ^
  File "/root/se-toolkit-lab-7/.venv/lib/python3.14/site-packages/telegram/_bot.py", line 704, in _post
    return await self._do_post(
           ^^^^^^^^^^^^^^^^^^^^
    ...<6 lines>...
    )
    ^
  File "/root/se-toolkit-lab-7/.venv/lib/python3.14/site-packages/telegram/ext/_extbot.py", line 370, in _do_post
    return await super()._do_post(
           ^^^^^^^^^^^^^^^^^^^^^^^
    ...<6 lines>...
    )
    ^
  File "/root/se-toolkit-lab-7/.venv/lib/python3.14/site-packages/telegram/_bot.py", line 733, in _do_post
    result = await request.post(
             ^^^^^^^^^^^^^^^^^^^
    ...<6 lines>...
    )
    ^
  File "/root/se-toolkit-lab-7/.venv/lib/python3.14/site-packages/telegram/request/_baserequest.py", line 198, in post
    result = await self._request_wrapper(
             ^^^^^^^^^^^^^^^^^^^^^^^^^^^^
    ...<7 lines>...
    )
    ^
  File "/root/se-toolkit-lab-7/.venv/lib/python3.14/site-packages/telegram/request/_baserequest.py", line 375, in _request_wrapper
    raise exception
telegram.error.InvalidToken: Not Found

The above exception was the direct cause of the following exception:

Traceback (most recent call last):
  File "/root/se-toolkit-lab-7/.venv/lib/python3.14/site-packages/telegram/ext/_utils/networkloop.py", line 161, in network_retry_loop
    await do_action()
  File "/root/se-toolkit-lab-7/.venv/lib/python3.14/site-packages/telegram/ext/_utils/networkloop.py", line 136, in do_action
    await action_cb()
  File "/root/se-toolkit-lab-7/.venv/lib/python3.14/site-packages/telegram/ext/_application.py", line 489, in initialize
    await self.bot.initialize()
  File "/root/se-toolkit-lab-7/.venv/lib/python3.14/site-packages/telegram/ext/_extbot.py", line 316, in initialize
    await super().initialize()
  File "/root/se-toolkit-lab-7/.venv/lib/python3.14/site-packages/telegram/_bot.py", line 860, in initialize
    raise InvalidToken(f"The token `{self._token}` was rejected by the server.") from exc
telegram.error.InvalidToken: The token `ЗАМЕНИТЕ_НА_РЕАЛЬНЫЙ_ТОКЕН` was rejected by the server.
Traceback (most recent call last):
  File "/root/se-toolkit-lab-7/.venv/lib/python3.14/site-packages/telegram/_bot.py", line 857, in initialize
    await self.get_me()
  File "/root/se-toolkit-lab-7/.venv/lib/python3.14/site-packages/telegram/ext/_extbot.py", line 2008, in get_me
    return await super().get_me(
           ^^^^^^^^^^^^^^^^^^^^^
    ...<5 lines>...
    )
    ^
  File "/root/se-toolkit-lab-7/.venv/lib/python3.14/site-packages/telegram/_bot.py", line 990, in get_me
    result = await self._post(
             ^^^^^^^^^^^^^^^^^
    ...<6 lines>...
    )
    ^
  File "/root/se-toolkit-lab-7/.venv/lib/python3.14/site-packages/telegram/_bot.py", line 704, in _post
    return await self._do_post(
           ^^^^^^^^^^^^^^^^^^^^
    ...<6 lines>...
    )
    ^
  File "/root/se-toolkit-lab-7/.venv/lib/python3.14/site-packages/telegram/ext/_extbot.py", line 370, in _do_post
    return await super()._do_post(
           ^^^^^^^^^^^^^^^^^^^^^^^
    ...<6 lines>...
    )
    ^
  File "/root/se-toolkit-lab-7/.venv/lib/python3.14/site-packages/telegram/_bot.py", line 733, in _do_post
    result = await request.post(
             ^^^^^^^^^^^^^^^^^^^
    ...<6 lines>...
    )
    ^
  File "/root/se-toolkit-lab-7/.venv/lib/python3.14/site-packages/telegram/request/_baserequest.py", line 198, in post
    result = await self._request_wrapper(
             ^^^^^^^^^^^^^^^^^^^^^^^^^^^^
    ...<7 lines>...
    )
    ^
  File "/root/se-toolkit-lab-7/.venv/lib/python3.14/site-packages/telegram/request/_baserequest.py", line 375, in _request_wrapper
    raise exception
telegram.error.InvalidToken: Not Found

The above exception was the direct cause of the following exception:

Traceback (most recent call last):
  File "/root/se-toolkit-lab-7/bot/bot.py", line 60, in <module>
    main()
    ~~~~^^
  File "/root/se-toolkit-lab-7/bot/bot.py", line 57, in main
    run_telegram()
    ~~~~~~~~~~~~^^
  File "/root/se-toolkit-lab-7/bot/bot.py", line 48, in run_telegram
    app.run_polling()
    ~~~~~~~~~~~~~~~^^
  File "/root/se-toolkit-lab-7/.venv/lib/python3.14/site-packages/telegram/ext/_application.py", line 839, in run_polling
    return self.__run(
           ~~~~~~~~~~^
        updater_coroutine=self.updater.start_polling(
        ^^^^^^^^^^^^^^^^^^^^^^^^^^^^^^^^^^^^^^^^^^^^^
    ...<9 lines>...
        close_loop=close_loop,
        ^^^^^^^^^^^^^^^^^^^^^^
    )
    ^
  File "/root/se-toolkit-lab-7/.venv/lib/python3.14/site-packages/telegram/ext/_application.py", line 1054, in __run
    loop.run_until_complete(self._bootstrap_initialize(max_retries=bootstrap_retries))
    ~~~~~~~~~~~~~~~~~~~~~~~^^^^^^^^^^^^^^^^^^^^^^^^^^^^^^^^^^^^^^^^^^^^^^^^^^^^^^^^^^^
  File "/root/.local/share/uv/python/cpython-3.14.2-linux-x86_64-gnu/lib/python3.14/asyncio/base_events.py", line 719, in run_until_complete
    return future.result()
           ~~~~~~~~~~~~~^^
  File "/root/se-toolkit-lab-7/.venv/lib/python3.14/site-packages/telegram/ext/_application.py", line 1014, in _bootstrap_initialize
    await network_retry_loop(
    ...<4 lines>...
    )
  File "/root/se-toolkit-lab-7/.venv/lib/python3.14/site-packages/telegram/ext/_utils/networkloop.py", line 161, in network_retry_loop
    await do_action()
  File "/root/se-toolkit-lab-7/.venv/lib/python3.14/site-packages/telegram/ext/_utils/networkloop.py", line 136, in do_action
    await action_cb()
  File "/root/se-toolkit-lab-7/.venv/lib/python3.14/site-packages/telegram/ext/_application.py", line 489, in initialize
    await self.bot.initialize()
  File "/root/se-toolkit-lab-7/.venv/lib/python3.14/site-packages/telegram/ext/_extbot.py", line 316, in initialize
    await super().initialize()
  File "/root/se-toolkit-lab-7/.venv/lib/python3.14/site-packages/telegram/_bot.py", line 860, in initialize
    raise InvalidToken(f"The token `{self._token}` was rejected by the server.") from exc
telegram.error.InvalidToken: The token `ЗАМЕНИТЕ_НА_РЕАЛЬНЫЙ_ТОКЕН` was rejected by the server.
